autoscan-2.69: warning: missing AC_CHECK_FUNCS([floor]) wanted by: 
	src/SortAlgo.cpp:913
autoscan-2.69: warning: missing AC_CHECK_FUNCS([memset]) wanted by: 
	src/SortSound.cpp:238
	src/SortSound.cpp:292
autoscan-2.69: warning: missing AC_CHECK_FUNCS([pow]) wanted by: 
	src/SortAlgo.cpp:916
	src/SortAlgo.cpp:982
	src/WMain.cpp:320
	src/WMain.cpp:323
	src/WMain.cpp:350
	src/WMain.cpp:366
autoscan-2.69: warning: missing AC_CHECK_FUNCS([sqrt]) wanted by: 
	src/algorithms/wikisort.cpp:237
autoscan-2.69: warning: missing AC_CHECK_HEADERS([inttypes.h]) wanted by: 
	src/SortAlgo.cpp:39
autoscan-2.69: warning: missing AC_CHECK_HEADERS([stdlib.h]) wanted by: 
	src/SortArray.h:29
autoscan-2.69: warning: missing AC_CHECK_HEADER_STDBOOL wanted by: 
	src/SortAlgo.cpp:743
	src/SortAlgo.cpp:772
	src/SortAlgo.cpp:832
	src/SortAlgo.cpp:1040
	src/SortAlgo.cpp:1136
	src/SortAlgo.cpp:1138
	src/SortAlgo.cpp:1144
	src/SortAlgo.cpp:1158
	src/SortAlgo.cpp:1202
	src/SortAlgo.cpp:1227
	src/SortAlgo.cpp:1229
	src/SortAlgo.cpp:1240
	src/SortAlgo.cpp:1255
	src/SortAlgo.cpp:1309
	src/SortAlgo.cpp:1447
	src/SortAlgo.h:167
	src/SortAlgo.h:170
	src/SortAlgo.h:173
	src/SortAlgo.h:176
	src/SortAlgo.h:179
	src/SortAlgo.h:182
	src/SortArray.cpp:199
	src/SortArray.cpp:208
	src/SortArray.cpp:228
	src/SortArray.h:83
	src/SortArray.h:86
	src/SortArray.h:89
	src/SortArray.h:92
	src/SortArray.h:95
	src/SortArray.h:98
	src/SortArray.h:110
	src/SortArray.h:113
	src/SortArray.h:116
	src/SortArray.h:146
	src/SortArray.h:177
	src/SortArray.h:199
	src/SortArray.h:211
	src/SortArray.h:217
	src/SortSound.cpp:42
	src/SortSound.cpp:158
	src/SortTest.cpp:35
	src/SortTest.cpp:38
	src/SortTest.cpp:46
	src/SortTest.cpp:74
	src/SortTest.cpp:89
	src/SortTest.cpp:180
	src/WMain.cpp:132
	src/WMain.cpp:379
	src/WMain.cpp:447
	src/WMain.h:51
	src/WMain.h:102
	src/WSortView.cpp:35
	src/WSortView.h:34
	src/WSortView.h:54
	src/WSortView.h:88
	src/WSortView.h:96
	src/algorithms/timsort.cpp:82
	src/algorithms/timsort.cpp:85
	src/algorithms/timsort.cpp:88
	src/algorithms/timsort.cpp:91
	src/algorithms/timsort.cpp:431
	src/algorithms/timsort.cpp:552
	src/algorithms/wikisort.cpp:592
	src/wxg/main.cpp:28
	src/wxg/main.cpp:35
	src/SortAlgo.cpp:743
	src/SortAlgo.cpp:752
	src/SortAlgo.cpp:772
	src/SortAlgo.cpp:783
	src/SortAlgo.cpp:792
	src/SortAlgo.cpp:1062
	src/SortAlgo.cpp:1476
	src/SortAlgo.cpp:1516
	src/SortAlgo.cpp:1536
	src/SortArray.cpp:55
	src/SortArray.cpp:69
	src/SortArray.cpp:97
	src/SortArray.cpp:216
	src/SortSound.cpp:42
	src/SortTest.cpp:49
	src/SortTest.cpp:76
	src/SortTest.cpp:79
	src/SortTest.cpp:119
	src/SortTest.cpp:127
	src/SortTest.cpp:131
	src/WMain.cpp:33
	src/WMain.cpp:95
	src/WMain.cpp:139
	src/WMain.cpp:140
	src/WMain.cpp:147
	src/WMain.cpp:154
	src/WMain.cpp:171
	src/WMain.cpp:174
	src/WMain.cpp:186
	src/WMain.cpp:201
	src/WMain.cpp:210
	src/WMain.cpp:221
	src/WMain.cpp:227
	src/WMain.cpp:235
	src/WMain.cpp:252
	src/WMain.cpp:270
	src/WMain.cpp:438
	src/WMain.cpp:453
	src/WSortView.cpp:35
	src/WSortView.cpp:45
	src/WSortView.cpp:143
	src/algorithms/timsort.cpp:431
	src/algorithms/timsort.cpp:552
	src/SortAlgo.cpp:759
	src/SortAlgo.cpp:776
	src/SortAlgo.cpp:1055
	src/SortAlgo.cpp:1136
	src/SortAlgo.cpp:1227
	src/SortAlgo.cpp:1558
	src/SortAlgo.cpp:1559
	src/SortArray.cpp:64
	src/SortArray.cpp:100
	src/SortArray.cpp:208
	src/SortSound.cpp:157
	src/SortTest.cpp:51
	src/SortTest.cpp:81
	src/SortTest.cpp:89
	src/SortTest.cpp:191
	src/WMain.cpp:157
	src/WMain.cpp:160
	src/WMain.cpp:161
	src/WMain.cpp:169
	src/WMain.cpp:200
	src/WMain.cpp:246
	src/WMain.cpp:251
	src/WMain.cpp:253
	src/WMain.cpp:266
	src/WMain.cpp:462
	src/WMain.h:101
	src/WSortView.h:87
	src/algorithms/timsort.cpp:427
	src/algorithms/timsort.cpp:440
	src/algorithms/timsort.cpp:449
	src/algorithms/timsort.cpp:469
	src/algorithms/timsort.cpp:475
	src/algorithms/timsort.cpp:486
	src/algorithms/timsort.cpp:492
	src/algorithms/timsort.cpp:548
	src/algorithms/timsort.cpp:561
	src/algorithms/timsort.cpp:570
	src/algorithms/timsort.cpp:590
	src/algorithms/timsort.cpp:596
	src/algorithms/timsort.cpp:607
	src/algorithms/timsort.cpp:613
	src/algorithms/wikisort.cpp:137
	src/algorithms/wikisort.cpp:162
	src/algorithms/wikisort.cpp:458
	src/wxg/main.cpp:47
autoscan-2.69: warning: missing AC_C_INLINE wanted by: 
	src/algorithms/timsort.cpp:58
	src/algorithms/timsort.cpp:64
	src/algorithms/timsort.cpp:658
	src/algorithms/timsort.cpp:664
	src/algorithms/wikisort.cpp:52
autoscan-2.69: warning: missing AC_TYPE_INT16_T wanted by: 
	src/SortSound.cpp:250
	src/SortSound.cpp:250
	src/SortSound.cpp:251
autoscan-2.69: warning: missing AC_TYPE_INT32_T wanted by: 
	src/SortSound.cpp:313
autoscan-2.69: warning: missing AC_TYPE_SIZE_T wanted by: 
	src/SortAlgo.cpp:123
	src/SortAlgo.cpp:135
	src/SortAlgo.cpp:139
	src/SortAlgo.cpp:162
	src/SortAlgo.cpp:181
	src/SortAlgo.cpp:201
	src/SortAlgo.cpp:233
	src/SortAlgo.cpp:233
	src/SortAlgo.cpp:233
	src/SortAlgo.cpp:244
	src/SortAlgo.cpp:269
	src/SortAlgo.cpp:269
	src/SortAlgo.cpp:273
	src/SortAlgo.cpp:289
	src/SortAlgo.cpp:291
	src/SortAlgo.cpp:406
	src/SortAlgo.cpp:406
	src/SortAlgo.cpp:406
	src/SortAlgo.cpp:409
	src/SortAlgo.cpp:418
	src/SortAlgo.cpp:433
	src/SortAlgo.cpp:433
	src/SortAlgo.cpp:437
	src/SortAlgo.cpp:581
	src/SortAlgo.cpp:581
	src/SortAlgo.cpp:666
	src/SortAlgo.cpp:668
	src/SortAlgo.cpp:685
	src/SortAlgo.cpp:689
	src/SortAlgo.cpp:700
	src/SortAlgo.cpp:720
	src/SortAlgo.cpp:744
	src/SortAlgo.cpp:749
	src/SortAlgo.cpp:754
	src/SortAlgo.cpp:778
	src/SortAlgo.cpp:787
	src/SortAlgo.cpp:805
	src/SortAlgo.cpp:809
	src/SortAlgo.cpp:811
	src/SortAlgo.cpp:814
	src/SortAlgo.cpp:832
	src/SortAlgo.cpp:853
	src/SortAlgo.cpp:856
	src/SortAlgo.cpp:876
	src/SortAlgo.cpp:877
	src/SortAlgo.cpp:906
	src/SortAlgo.cpp:906
	src/SortAlgo.cpp:906
	src/SortAlgo.cpp:916
	src/SortAlgo.cpp:919
	src/SortAlgo.cpp:921
	src/SortAlgo.cpp:923
	src/SortAlgo.cpp:929
	src/SortAlgo.cpp:933
	src/SortAlgo.cpp:939
	src/SortAlgo.cpp:954
	src/SortAlgo.cpp:955
	src/SortAlgo.cpp:982
	src/SortAlgo.cpp:985
	src/SortAlgo.cpp:988
	src/SortAlgo.cpp:990
	src/SortAlgo.cpp:996
	src/SortAlgo.cpp:1000
	src/SortAlgo.cpp:1006
	src/SortAlgo.cpp:1008
	src/SortAlgo.cpp:1042
	src/SortAlgo.cpp:1068
	src/SortAlgo.cpp:1070
	src/SortAlgo.cpp:1084
	src/SortAlgo.cpp:1089
	src/SortAlgo.cpp:1110
	src/SortAlgo.h:50
	src/SortAlgo.h:113
	src/SortAlgo.h:127
	src/SortArray.cpp:29
	src/SortArray.cpp:34
	src/SortArray.cpp:36
	src/SortArray.cpp:74
	src/SortArray.cpp:86
	src/SortArray.cpp:115
	src/SortArray.cpp:123
	src/SortArray.cpp:130
	src/SortArray.cpp:135
	src/SortArray.cpp:140
	src/SortArray.cpp:157
	src/SortArray.cpp:175
	src/SortArray.cpp:210
	src/SortArray.cpp:252
	src/SortArray.cpp:256
	src/SortArray.cpp:270
	src/SortArray.cpp:270
	src/SortArray.cpp:287
	src/SortArray.cpp:308
	src/SortArray.cpp:312
	src/SortArray.cpp:336
	src/SortArray.cpp:369
	src/SortArray.cpp:381
	src/SortArray.h:48
	src/SortArray.h:51
	src/SortArray.h:159
	src/SortArray.h:205
	src/SortArray.h:224
	src/SortArray.h:228
	src/SortArray.h:234
	src/SortArray.h:243
	src/SortArray.h:249
	src/SortArray.h:249
	src/SortArray.h:253
	src/SortArray.h:260
	src/SortArray.h:267
	src/SortArray.h:289
	src/SortArray.h:312
	src/SortArray.h:335
	src/SortArray.h:355
	src/SortArray.h:355
	src/SortArray.h:380
	src/SortArray.h:395
	src/SortArray.h:402
	src/SortArray.h:402
	src/SortArray.h:411
	src/SortSound.cpp:39
	src/SortSound.cpp:48
	src/SortSound.cpp:58
	src/SortSound.cpp:61
	src/SortSound.cpp:65
	src/SortSound.cpp:65
	src/SortSound.cpp:108
	src/SortSound.cpp:140
	src/SortSound.cpp:147
	src/SortSound.cpp:154
	src/SortSound.cpp:158
	src/SortSound.cpp:168
	src/SortSound.cpp:171
	src/SortSound.cpp:171
	src/SortSound.cpp:171
	src/SortSound.cpp:174
	src/SortSound.cpp:174
	src/SortSound.cpp:175
	src/SortSound.cpp:208
	src/SortSound.cpp:242
	src/SortSound.cpp:242
	src/SortSound.cpp:244
	src/SortSound.cpp:251
	src/SortSound.cpp:261
	src/SortSound.cpp:275
	src/SortSound.cpp:311
	src/SortTest.cpp:54
	src/SortTest.cpp:68
	src/SortTest.cpp:77
	src/SortTest.cpp:94
	src/SortTest.cpp:104
	src/SortTest.cpp:106
	src/SortTest.cpp:110
	src/SortTest.cpp:183
	src/WMain.cpp:313
	src/WMain.cpp:345
	src/WMain.cpp:362
	src/WMain.h:36
	src/WMain.h:57
	src/WMain.h:60
	src/WMain.h:63
	src/WMain.h:105
	src/WSortView.cpp:153
	src/WSortView.cpp:155
	src/WSortView.cpp:156
	src/WSortView.cpp:158
	src/WSortView.cpp:159
	src/WSortView.cpp:225
	src/WSortView.cpp:252
	src/WSortView.h:46
	src/WSortView.h:112
	src/WSortView.h:116
	src/algorithms/wikisort.cpp:59
	src/algorithms/wikisort.cpp:59
	src/algorithms/wikisort.cpp:60
	src/algorithms/wikisort.cpp:82
	src/algorithms/wikisort.cpp:89
	src/algorithms/wikisort.cpp:97
	src/algorithms/wikisort.cpp:98
	src/algorithms/wikisort.cpp:187
	src/algorithms/wikisort.cpp:211
	src/algorithms/wikisort.cpp:212
	src/algorithms/wikisort.cpp:213
	src/algorithms/wikisort.cpp:214
	src/algorithms/wikisort.cpp:215
	src/algorithms/wikisort.cpp:219
	src/algorithms/wikisort.cpp:236
	src/algorithms/wikisort.cpp:244
	src/algorithms/wikisort.cpp:447
	src/algorithms/wikisort.cpp:464
autoscan-2.69: warning: missing AC_TYPE_SSIZE_T wanted by: 
	src/SortAlgo.cpp:132
	src/SortAlgo.cpp:167
	src/SortAlgo.cpp:186
	src/SortAlgo.cpp:217
	src/SortAlgo.cpp:306
	src/SortAlgo.cpp:306
	src/SortAlgo.cpp:306
	src/SortAlgo.cpp:322
	src/SortAlgo.cpp:355
	src/SortAlgo.cpp:355
	src/SortAlgo.cpp:358
	src/SortAlgo.cpp:363
	src/SortAlgo.cpp:415
	src/SortAlgo.cpp:454
	src/SortAlgo.cpp:454
	src/SortAlgo.cpp:461
	src/SortAlgo.cpp:468
	src/SortAlgo.cpp:469
	src/SortAlgo.cpp:506
	src/SortAlgo.cpp:507
	src/SortAlgo.cpp:512
	src/SortAlgo.cpp:513
	src/SortAlgo.cpp:518
	src/SortAlgo.cpp:519
	src/SortAlgo.cpp:541
	src/SortAlgo.cpp:541
	src/SortAlgo.cpp:541
	src/SortAlgo.cpp:541
	src/SortAlgo.cpp:544
	src/SortAlgo.cpp:550
	src/SortAlgo.cpp:553
	src/SortAlgo.cpp:570
	src/SortAlgo.cpp:572
	src/SortAlgo.cpp:585
	src/SortAlgo.cpp:585
	src/SortAlgo.cpp:616
	src/SortAlgo.cpp:617
	src/SortAlgo.cpp:618
	src/SortAlgo.cpp:1636
	src/SortAlgo.cpp:1638
	src/SortAlgo.cpp:1641
	src/SortAlgo.cpp:1652
	src/SortArray.cpp:326
	src/SortArray.cpp:367
	src/SortArray.h:149
	src/SortArray.h:174
	src/SortArray.h:220
	src/SortArray.h:237
	src/SortArray.h:240
	src/SortArray.h:430
	src/algorithms/wikisort.cpp:52
	src/algorithms/wikisort.cpp:88
	src/algorithms/wikisort.cpp:126
	src/algorithms/wikisort.cpp:206
	src/algorithms/wikisort.cpp:237
	src/algorithms/wikisort.cpp:238
	src/algorithms/wikisort.cpp:292
	src/algorithms/wikisort.cpp:397
	src/algorithms/wikisort.cpp:409
	src/algorithms/wikisort.cpp:542
	src/algorithms/wikisort.cpp:553
autoscan-2.69: warning: missing AC_TYPE_UINT32_T wanted by: 
	src/SortAlgo.cpp:837
	src/SortAlgo.cpp:837
