autoscan: warning: missing AC_CHECK_FUNCS([floor]) wanted by: 
	src/SortAlgo.cpp:925
autoscan: warning: missing AC_CHECK_FUNCS([memset]) wanted by: 
	src/SortAlgo.cpp:1826
	src/SortAlgo.cpp:1827
	src/SortSound.cpp:238
	src/SortSound.cpp:292
autoscan: warning: missing AC_CHECK_FUNCS([pow]) wanted by: 
	src/SortAlgo.cpp:928
	src/SortAlgo.cpp:994
	src/SortAlgo.cpp:1706
	src/WMain.cpp:320
	src/WMain.cpp:323
	src/WMain.cpp:350
	src/WMain.cpp:366
autoscan: warning: missing AC_CHECK_FUNCS([sqrt]) wanted by: 
	src/algorithms/wikisort.cpp:237
autoscan: warning: missing AC_CHECK_HEADERS([inttypes.h]) wanted by: 
	src/SortAlgo.cpp:39
autoscan: warning: missing AC_CHECK_HEADERS([stdlib.h]) wanted by: 
	src/SortArray.h:29
autoscan: warning: missing AC_CHECK_HEADER_STDBOOL wanted by: 
	src/SortAlgo.cpp:755
	src/SortAlgo.cpp:784
	src/SortAlgo.cpp:844
	src/SortAlgo.cpp:1052
	src/SortAlgo.cpp:1148
	src/SortAlgo.cpp:1150
	src/SortAlgo.cpp:1156
	src/SortAlgo.cpp:1170
	src/SortAlgo.cpp:1214
	src/SortAlgo.cpp:1239
	src/SortAlgo.cpp:1241
	src/SortAlgo.cpp:1252
	src/SortAlgo.cpp:1267
	src/SortAlgo.cpp:1321
	src/SortAlgo.cpp:1459
	src/SortAlgo.cpp:1708
	src/SortAlgo.h:176
	src/SortAlgo.h:179
	src/SortAlgo.h:182
	src/SortAlgo.h:185
	src/SortAlgo.h:188
	src/SortAlgo.h:191
	src/SortArray.cpp:199
	src/SortArray.cpp:208
	src/SortArray.cpp:228
	src/SortArray.h:83
	src/SortArray.h:86
	src/SortArray.h:89
	src/SortArray.h:92
	src/SortArray.h:95
	src/SortArray.h:98
	src/SortArray.h:110
	src/SortArray.h:113
	src/SortArray.h:116
	src/SortArray.h:146
	src/SortArray.h:177
	src/SortArray.h:199
	src/SortArray.h:211
	src/SortArray.h:217
	src/SortSound.cpp:42
	src/SortSound.cpp:158
	src/SortTest.cpp:35
	src/SortTest.cpp:38
	src/SortTest.cpp:46
	src/SortTest.cpp:74
	src/SortTest.cpp:89
	src/SortTest.cpp:180
	src/WMain.cpp:132
	src/WMain.cpp:379
	src/WMain.cpp:447
	src/WMain.h:51
	src/WMain.h:102
	src/WSortView.cpp:35
	src/WSortView.h:34
	src/WSortView.h:54
	src/WSortView.h:88
	src/WSortView.h:96
	src/algorithms/timsort.cpp:82
	src/algorithms/timsort.cpp:85
	src/algorithms/timsort.cpp:88
	src/algorithms/timsort.cpp:91
	src/algorithms/timsort.cpp:431
	src/algorithms/timsort.cpp:552
	src/algorithms/wikisort.cpp:592
	src/wxg/main.cpp:28
	src/wxg/main.cpp:35
	src/SortAlgo.cpp:755
	src/SortAlgo.cpp:764
	src/SortAlgo.cpp:784
	src/SortAlgo.cpp:795
	src/SortAlgo.cpp:804
	src/SortAlgo.cpp:1074
	src/SortAlgo.cpp:1488
	src/SortAlgo.cpp:1528
	src/SortAlgo.cpp:1548
	src/SortAlgo.cpp:1708
	src/SortAlgo.cpp:1716
	src/SortArray.cpp:55
	src/SortArray.cpp:69
	src/SortArray.cpp:97
	src/SortArray.cpp:216
	src/SortSound.cpp:42
	src/SortTest.cpp:49
	src/SortTest.cpp:76
	src/SortTest.cpp:79
	src/SortTest.cpp:119
	src/SortTest.cpp:127
	src/SortTest.cpp:131
	src/WMain.cpp:33
	src/WMain.cpp:95
	src/WMain.cpp:139
	src/WMain.cpp:140
	src/WMain.cpp:147
	src/WMain.cpp:154
	src/WMain.cpp:171
	src/WMain.cpp:174
	src/WMain.cpp:186
	src/WMain.cpp:201
	src/WMain.cpp:210
	src/WMain.cpp:221
	src/WMain.cpp:227
	src/WMain.cpp:235
	src/WMain.cpp:252
	src/WMain.cpp:270
	src/WMain.cpp:438
	src/WMain.cpp:453
	src/WSortView.cpp:35
	src/WSortView.cpp:45
	src/WSortView.cpp:143
	src/algorithms/timsort.cpp:431
	src/algorithms/timsort.cpp:552
	src/SortAlgo.cpp:771
	src/SortAlgo.cpp:788
	src/SortAlgo.cpp:1067
	src/SortAlgo.cpp:1148
	src/SortAlgo.cpp:1239
	src/SortAlgo.cpp:1570
	src/SortAlgo.cpp:1571
	src/SortAlgo.cpp:1711
	src/SortArray.cpp:64
	src/SortArray.cpp:100
	src/SortArray.cpp:208
	src/SortSound.cpp:157
	src/SortTest.cpp:51
	src/SortTest.cpp:81
	src/SortTest.cpp:89
	src/SortTest.cpp:191
	src/WMain.cpp:157
	src/WMain.cpp:160
	src/WMain.cpp:161
	src/WMain.cpp:169
	src/WMain.cpp:200
	src/WMain.cpp:246
	src/WMain.cpp:251
	src/WMain.cpp:253
	src/WMain.cpp:266
	src/WMain.cpp:462
	src/WMain.h:101
	src/WSortView.h:87
	src/algorithms/timsort.cpp:427
	src/algorithms/timsort.cpp:440
	src/algorithms/timsort.cpp:449
	src/algorithms/timsort.cpp:469
	src/algorithms/timsort.cpp:475
	src/algorithms/timsort.cpp:486
	src/algorithms/timsort.cpp:492
	src/algorithms/timsort.cpp:548
	src/algorithms/timsort.cpp:561
	src/algorithms/timsort.cpp:570
	src/algorithms/timsort.cpp:590
	src/algorithms/timsort.cpp:596
	src/algorithms/timsort.cpp:607
	src/algorithms/timsort.cpp:613
	src/algorithms/wikisort.cpp:137
	src/algorithms/wikisort.cpp:162
	src/algorithms/wikisort.cpp:458
	src/wxg/main.cpp:47
autoscan: warning: missing AC_C_INLINE wanted by: 
	src/algorithms/timsort.cpp:58
	src/algorithms/timsort.cpp:64
	src/algorithms/timsort.cpp:658
	src/algorithms/timsort.cpp:664
	src/algorithms/wikisort.cpp:52
autoscan: warning: missing AC_TYPE_INT16_T wanted by: 
	src/SortSound.cpp:250
	src/SortSound.cpp:250
	src/SortSound.cpp:251
autoscan: warning: missing AC_TYPE_INT32_T wanted by: 
	src/SortSound.cpp:313
autoscan: warning: missing AC_TYPE_SIZE_T wanted by: 
	src/SortAlgo.cpp:135
	src/SortAlgo.cpp:147
	src/SortAlgo.cpp:151
	src/SortAlgo.cpp:174
	src/SortAlgo.cpp:193
	src/SortAlgo.cpp:213
	src/SortAlgo.cpp:245
	src/SortAlgo.cpp:245
	src/SortAlgo.cpp:245
	src/SortAlgo.cpp:256
	src/SortAlgo.cpp:281
	src/SortAlgo.cpp:281
	src/SortAlgo.cpp:285
	src/SortAlgo.cpp:301
	src/SortAlgo.cpp:303
	src/SortAlgo.cpp:418
	src/SortAlgo.cpp:418
	src/SortAlgo.cpp:418
	src/SortAlgo.cpp:421
	src/SortAlgo.cpp:430
	src/SortAlgo.cpp:445
	src/SortAlgo.cpp:445
	src/SortAlgo.cpp:449
	src/SortAlgo.cpp:593
	src/SortAlgo.cpp:593
	src/SortAlgo.cpp:678
	src/SortAlgo.cpp:680
	src/SortAlgo.cpp:697
	src/SortAlgo.cpp:701
	src/SortAlgo.cpp:712
	src/SortAlgo.cpp:732
	src/SortAlgo.cpp:756
	src/SortAlgo.cpp:761
	src/SortAlgo.cpp:766
	src/SortAlgo.cpp:790
	src/SortAlgo.cpp:799
	src/SortAlgo.cpp:817
	src/SortAlgo.cpp:821
	src/SortAlgo.cpp:823
	src/SortAlgo.cpp:826
	src/SortAlgo.cpp:844
	src/SortAlgo.cpp:865
	src/SortAlgo.cpp:868
	src/SortAlgo.cpp:888
	src/SortAlgo.cpp:889
	src/SortAlgo.cpp:918
	src/SortAlgo.cpp:918
	src/SortAlgo.cpp:918
	src/SortAlgo.cpp:928
	src/SortAlgo.cpp:931
	src/SortAlgo.cpp:933
	src/SortAlgo.cpp:935
	src/SortAlgo.cpp:941
	src/SortAlgo.cpp:945
	src/SortAlgo.cpp:951
	src/SortAlgo.cpp:966
	src/SortAlgo.cpp:967
	src/SortAlgo.cpp:994
	src/SortAlgo.cpp:997
	src/SortAlgo.cpp:1000
	src/SortAlgo.cpp:1002
	src/SortAlgo.cpp:1008
	src/SortAlgo.cpp:1012
	src/SortAlgo.cpp:1018
	src/SortAlgo.cpp:1020
	src/SortAlgo.cpp:1054
	src/SortAlgo.cpp:1080
	src/SortAlgo.cpp:1082
	src/SortAlgo.cpp:1096
	src/SortAlgo.cpp:1101
	src/SortAlgo.cpp:1122
	src/SortAlgo.cpp:1706
	src/SortAlgo.cpp:1712
	src/SortAlgo.cpp:1728
	src/SortAlgo.cpp:1729
	src/SortAlgo.cpp:1733
	src/SortAlgo.cpp:1735
	src/SortAlgo.cpp:1747
	src/SortAlgo.cpp:1757
	src/SortAlgo.cpp:1759
	src/SortAlgo.cpp:1771
	src/SortAlgo.cpp:1771
	src/SortAlgo.cpp:1773
	src/SortAlgo.cpp:1789
	src/SortAlgo.cpp:1792
	src/SortAlgo.cpp:1796
	src/SortAlgo.cpp:1815
	src/SortAlgo.cpp:1816
	src/SortAlgo.cpp:1823
	src/SortAlgo.cpp:1832
	src/SortAlgo.cpp:1840
	src/SortAlgo.cpp:1842
	src/SortAlgo.cpp:1843
	src/SortAlgo.cpp:1848
	src/SortAlgo.cpp:1940
	src/SortAlgo.cpp:1940
	src/SortAlgo.cpp:1942
	src/SortAlgo.cpp:1946
	src/SortAlgo.cpp:1957
	src/SortAlgo.cpp:1973
	src/SortAlgo.cpp:1973
	src/SortAlgo.cpp:1974
	src/SortAlgo.cpp:1974
	src/SortAlgo.cpp:1975
	src/SortAlgo.cpp:1996
	src/SortAlgo.cpp:1999
	src/SortAlgo.cpp:2015
	src/SortAlgo.cpp:2021
	src/SortAlgo.cpp:2022
	src/SortAlgo.h:50
	src/SortAlgo.h:122
	src/SortAlgo.h:136
	src/SortArray.cpp:29
	src/SortArray.cpp:34
	src/SortArray.cpp:36
	src/SortArray.cpp:74
	src/SortArray.cpp:86
	src/SortArray.cpp:115
	src/SortArray.cpp:123
	src/SortArray.cpp:130
	src/SortArray.cpp:135
	src/SortArray.cpp:140
	src/SortArray.cpp:157
	src/SortArray.cpp:175
	src/SortArray.cpp:210
	src/SortArray.cpp:252
	src/SortArray.cpp:256
	src/SortArray.cpp:270
	src/SortArray.cpp:270
	src/SortArray.cpp:287
	src/SortArray.cpp:308
	src/SortArray.cpp:312
	src/SortArray.cpp:336
	src/SortArray.cpp:369
	src/SortArray.cpp:381
	src/SortArray.h:48
	src/SortArray.h:51
	src/SortArray.h:159
	src/SortArray.h:205
	src/SortArray.h:224
	src/SortArray.h:228
	src/SortArray.h:234
	src/SortArray.h:243
	src/SortArray.h:249
	src/SortArray.h:249
	src/SortArray.h:253
	src/SortArray.h:260
	src/SortArray.h:267
	src/SortArray.h:289
	src/SortArray.h:312
	src/SortArray.h:335
	src/SortArray.h:355
	src/SortArray.h:355
	src/SortArray.h:380
	src/SortArray.h:395
	src/SortArray.h:402
	src/SortArray.h:402
	src/SortArray.h:411
	src/SortSound.cpp:39
	src/SortSound.cpp:48
	src/SortSound.cpp:58
	src/SortSound.cpp:61
	src/SortSound.cpp:65
	src/SortSound.cpp:65
	src/SortSound.cpp:108
	src/SortSound.cpp:140
	src/SortSound.cpp:147
	src/SortSound.cpp:154
	src/SortSound.cpp:158
	src/SortSound.cpp:168
	src/SortSound.cpp:171
	src/SortSound.cpp:171
	src/SortSound.cpp:171
	src/SortSound.cpp:174
	src/SortSound.cpp:174
	src/SortSound.cpp:175
	src/SortSound.cpp:208
	src/SortSound.cpp:242
	src/SortSound.cpp:242
	src/SortSound.cpp:244
	src/SortSound.cpp:251
	src/SortSound.cpp:261
	src/SortSound.cpp:275
	src/SortSound.cpp:311
	src/SortTest.cpp:54
	src/SortTest.cpp:68
	src/SortTest.cpp:77
	src/SortTest.cpp:94
	src/SortTest.cpp:104
	src/SortTest.cpp:106
	src/SortTest.cpp:110
	src/SortTest.cpp:183
	src/WMain.cpp:313
	src/WMain.cpp:345
	src/WMain.cpp:362
	src/WMain.h:36
	src/WMain.h:57
	src/WMain.h:60
	src/WMain.h:63
	src/WMain.h:105
	src/WSortView.cpp:153
	src/WSortView.cpp:155
	src/WSortView.cpp:156
	src/WSortView.cpp:158
	src/WSortView.cpp:159
	src/WSortView.cpp:225
	src/WSortView.cpp:252
	src/WSortView.h:46
	src/WSortView.h:112
	src/WSortView.h:116
	src/algorithms/wikisort.cpp:59
	src/algorithms/wikisort.cpp:59
	src/algorithms/wikisort.cpp:60
	src/algorithms/wikisort.cpp:82
	src/algorithms/wikisort.cpp:89
	src/algorithms/wikisort.cpp:97
	src/algorithms/wikisort.cpp:98
	src/algorithms/wikisort.cpp:187
	src/algorithms/wikisort.cpp:211
	src/algorithms/wikisort.cpp:212
	src/algorithms/wikisort.cpp:213
	src/algorithms/wikisort.cpp:214
	src/algorithms/wikisort.cpp:215
	src/algorithms/wikisort.cpp:219
	src/algorithms/wikisort.cpp:236
	src/algorithms/wikisort.cpp:244
	src/algorithms/wikisort.cpp:447
	src/algorithms/wikisort.cpp:464
autoscan: warning: missing AC_TYPE_SSIZE_T wanted by: 
	src/SortAlgo.cpp:144
	src/SortAlgo.cpp:179
	src/SortAlgo.cpp:198
	src/SortAlgo.cpp:229
	src/SortAlgo.cpp:318
	src/SortAlgo.cpp:318
	src/SortAlgo.cpp:318
	src/SortAlgo.cpp:334
	src/SortAlgo.cpp:367
	src/SortAlgo.cpp:367
	src/SortAlgo.cpp:370
	src/SortAlgo.cpp:375
	src/SortAlgo.cpp:427
	src/SortAlgo.cpp:466
	src/SortAlgo.cpp:466
	src/SortAlgo.cpp:473
	src/SortAlgo.cpp:480
	src/SortAlgo.cpp:481
	src/SortAlgo.cpp:518
	src/SortAlgo.cpp:519
	src/SortAlgo.cpp:524
	src/SortAlgo.cpp:525
	src/SortAlgo.cpp:530
	src/SortAlgo.cpp:531
	src/SortAlgo.cpp:553
	src/SortAlgo.cpp:553
	src/SortAlgo.cpp:553
	src/SortAlgo.cpp:553
	src/SortAlgo.cpp:556
	src/SortAlgo.cpp:562
	src/SortAlgo.cpp:565
	src/SortAlgo.cpp:582
	src/SortAlgo.cpp:584
	src/SortAlgo.cpp:597
	src/SortAlgo.cpp:597
	src/SortAlgo.cpp:628
	src/SortAlgo.cpp:629
	src/SortAlgo.cpp:630
	src/SortAlgo.cpp:1648
	src/SortAlgo.cpp:1650
	src/SortAlgo.cpp:1653
	src/SortAlgo.cpp:1664
	src/SortAlgo.cpp:1873
	src/SortAlgo.cpp:1874
	src/SortAlgo.cpp:1875
	src/SortAlgo.cpp:1910
	src/SortAlgo.cpp:1911
	src/SortArray.cpp:326
	src/SortArray.cpp:367
	src/SortArray.h:149
	src/SortArray.h:174
	src/SortArray.h:220
	src/SortArray.h:237
	src/SortArray.h:240
	src/SortArray.h:430
	src/algorithms/wikisort.cpp:52
	src/algorithms/wikisort.cpp:88
	src/algorithms/wikisort.cpp:126
	src/algorithms/wikisort.cpp:206
	src/algorithms/wikisort.cpp:237
	src/algorithms/wikisort.cpp:238
	src/algorithms/wikisort.cpp:292
	src/algorithms/wikisort.cpp:397
	src/algorithms/wikisort.cpp:409
	src/algorithms/wikisort.cpp:542
	src/algorithms/wikisort.cpp:553
autoscan: warning: missing AC_TYPE_UINT32_T wanted by: 
	src/SortAlgo.cpp:849
	src/SortAlgo.cpp:849
